2021-11-30 12:40:26 [scrapy.utils.log] INFO: Scrapy 2.4.1 started (bot: tutorial)
2021-11-30 12:40:26 [scrapy.utils.log] INFO: Versions: lxml 4.6.4.0, libxml2 2.9.12, cssselect 1.1.0, parsel 1.6.0, w3lib 1.22.0, Twisted 21.7.0, Python 3.9.7 | packaged by conda-forge | (default, Sep 29 2021, 19:15:42) [MSC v.1916 64 bit (AMD64)], pyOpenSSL 21.0.0 (OpenSSL 1.1.1l  24 Aug 2021), cryptography 36.0.0, Platform Windows-10-10.0.19042-SP0
2021-11-30 12:40:26 [scrapy.utils.log] DEBUG: Using reactor: twisted.internet.selectreactor.SelectReactor
2021-11-30 12:40:26 [scrapy.crawler] INFO: Overridden settings:
{'BOT_NAME': 'tutorial',
 'NEWSPIDER_MODULE': 'tutorial.spiders',
 'SPIDER_MODULES': ['tutorial.spiders']}
2021-11-30 12:40:26 [scrapy.extensions.telnet] INFO: Telnet Password: a4fa3d72b2f05cfe
2021-11-30 12:40:26 [scrapy.middleware] INFO: Enabled extensions:
['scrapy.extensions.corestats.CoreStats',
 'scrapy.extensions.telnet.TelnetConsole',
 'scrapy.extensions.feedexport.FeedExporter',
 'scrapy.extensions.logstats.LogStats']
2021-11-30 12:40:26 [scrapy.middleware] INFO: Enabled downloader middlewares:
['scrapy.downloadermiddlewares.httpauth.HttpAuthMiddleware',
 'scrapy.downloadermiddlewares.downloadtimeout.DownloadTimeoutMiddleware',
 'scrapy.downloadermiddlewares.defaultheaders.DefaultHeadersMiddleware',
 'scrapy.downloadermiddlewares.useragent.UserAgentMiddleware',
 'scrapy.downloadermiddlewares.retry.RetryMiddleware',
 'scrapy.downloadermiddlewares.redirect.MetaRefreshMiddleware',
 'scrapy.downloadermiddlewares.httpcompression.HttpCompressionMiddleware',
 'scrapy.downloadermiddlewares.redirect.RedirectMiddleware',
 'scrapy.downloadermiddlewares.cookies.CookiesMiddleware',
 'scrapy.downloadermiddlewares.httpproxy.HttpProxyMiddleware',
 'scrapy.downloadermiddlewares.stats.DownloaderStats']
2021-11-30 12:40:26 [scrapy.middleware] INFO: Enabled spider middlewares:
['scrapy.spidermiddlewares.httperror.HttpErrorMiddleware',
 'scrapy.spidermiddlewares.offsite.OffsiteMiddleware',
 'scrapy.spidermiddlewares.referer.RefererMiddleware',
 'scrapy.spidermiddlewares.urllength.UrlLengthMiddleware',
 'scrapy.spidermiddlewares.depth.DepthMiddleware']
2021-11-30 12:40:26 [scrapy.middleware] INFO: Enabled item pipelines:
[]
2021-11-30 12:40:26 [scrapy.core.engine] INFO: Spider opened
2021-11-30 12:40:26 [scrapy.extensions.logstats] INFO: Crawled 0 pages (at 0 pages/min), scraped 0 items (at 0 items/min)
2021-11-30 12:40:26 [scrapy.extensions.telnet] INFO: Telnet console listening on 127.0.0.1:6023
2021-11-30 12:40:28 [scrapy.core.engine] DEBUG: Crawled (200) <GET https://www.autoscout24.com/lst?sort=standard&desc=0&ustate=N%2CU&atype=C> (referer: None)
2021-11-30 12:40:28 [scrapy.core.scraper] DEBUG: Scraped from <200 https://www.autoscout24.com/lst?sort=standard&desc=0&ustate=N%2CU&atype=C>
{'title': ['SEAT Leon'], 'subtitle': ['1.6 FESTPREIS']}
2021-11-30 12:40:28 [scrapy.core.scraper] DEBUG: Scraped from <200 https://www.autoscout24.com/lst?sort=standard&desc=0&ustate=N%2CU&atype=C>
{'title': ['Citroen Xsara Picasso'], 'subtitle': ['']}
2021-11-30 12:40:28 [scrapy.core.scraper] DEBUG: Scraped from <200 https://www.autoscout24.com/lst?sort=standard&desc=0&ustate=N%2CU&atype=C>
{'title': ['Ford Ka/Ka+'], 'subtitle': ['KA /Pano/AUX/USB/Ohne TÜV']}
2021-11-30 12:40:28 [scrapy.core.scraper] DEBUG: Scraped from <200 https://www.autoscout24.com/lst?sort=standard&desc=0&ustate=N%2CU&atype=C>
{'title': ['Opel Corsa'], 'subtitle': ['B 1.0 12 V']}
2021-11-30 12:40:28 [scrapy.core.scraper] DEBUG: Scraped from <200 https://www.autoscout24.com/lst?sort=standard&desc=0&ustate=N%2CU&atype=C>
{'title': ['Opel Corsa'], 'subtitle': ['C *TÜV-09/2021,RADIO,8-FACH-BEREIFT* Basis']}
2021-11-30 12:40:28 [scrapy.core.scraper] DEBUG: Scraped from <200 https://www.autoscout24.com/lst?sort=standard&desc=0&ustate=N%2CU&atype=C>
{'title': ['Ford Fiesta'], 'subtitle': ['1.25 Futura 55 kW (75 PS), Schaltgetriebe, Fron...']}
2021-11-30 12:40:28 [scrapy.core.scraper] DEBUG: Scraped from <200 https://www.autoscout24.com/lst?sort=standard&desc=0&ustate=N%2CU&atype=C>
{'title': ['Lancia Lybra'], 'subtitle': ['1.9 jtd NAVI inkl. TELEFON']}
2021-11-30 12:40:28 [scrapy.core.scraper] DEBUG: Scraped from <200 https://www.autoscout24.com/lst?sort=standard&desc=0&ustate=N%2CU&atype=C>
{'title': ['Audi A4'], 'subtitle': ['1.8 Avant*EXPORT*']}
2021-11-30 12:40:28 [scrapy.core.scraper] DEBUG: Scraped from <200 https://www.autoscout24.com/lst?sort=standard&desc=0&ustate=N%2CU&atype=C>
{'title': ['Volvo V70'], 'subtitle': ['2.4 Kombi *Klima*Radio*Teilleder*8 Fach']}
2021-11-30 12:40:28 [scrapy.core.scraper] DEBUG: Scraped from <200 https://www.autoscout24.com/lst?sort=standard&desc=0&ustate=N%2CU&atype=C>
{'title': ['Opel Astra'], 'subtitle': ['1.8 16V Comfort Klima']}
2021-11-30 12:40:28 [scrapy.core.scraper] DEBUG: Scraped from <200 https://www.autoscout24.com/lst?sort=standard&desc=0&ustate=N%2CU&atype=C>
{'title': ['Opel Astra'], 'subtitle': ['H 1,7 Lim. Cosmo Klima Radio/CD Temp.']}
2021-11-30 12:40:28 [scrapy.core.scraper] DEBUG: Scraped from <200 https://www.autoscout24.com/lst?sort=standard&desc=0&ustate=N%2CU&atype=C>
{'title': ['Volkswagen Golf'], 'subtitle': ['1.4 TÜV kein TÜV !']}
2021-11-30 12:40:28 [scrapy.core.scraper] DEBUG: Scraped from <200 https://www.autoscout24.com/lst?sort=standard&desc=0&ustate=N%2CU&atype=C>
{'title': ['Volkswagen Passat Variant'], 'subtitle': ['Passat 1.9 TDI Variant Basis*Klima*SHZ*Tempomat*']}
2021-11-30 12:40:28 [scrapy.core.scraper] DEBUG: Scraped from <200 https://www.autoscout24.com/lst?sort=standard&desc=0&ustate=N%2CU&atype=C>
{'title': ['Renault Scenic'], 'subtitle': ['1.6 16V RXE*Klima*Alu*Ohne-TÜV*']}
2021-11-30 12:40:28 [scrapy.core.scraper] DEBUG: Scraped from <200 https://www.autoscout24.com/lst?sort=standard&desc=0&ustate=N%2CU&atype=C>
{'title': ['Hyundai Others'], 'subtitle': ['1.6i FX']}
2021-11-30 12:40:28 [scrapy.core.scraper] DEBUG: Scraped from <200 https://www.autoscout24.com/lst?sort=standard&desc=0&ustate=N%2CU&atype=C>
{'title': ['BMW 318'], 'subtitle': ['2.0 Diesel']}
2021-11-30 12:40:28 [scrapy.core.scraper] DEBUG: Scraped from <200 https://www.autoscout24.com/lst?sort=standard&desc=0&ustate=N%2CU&atype=C>
{'title': ['Saab 9-3'], 'subtitle': ['2.2 TiD SE Anniversary, 2. Hand, gepflegt']}
2021-11-30 12:40:28 [scrapy.core.scraper] DEBUG: Scraped from <200 https://www.autoscout24.com/lst?sort=standard&desc=0&ustate=N%2CU&atype=C>
{'title': ['Opel Vectra'], 'subtitle': ['GTS 2.2 16V Automatik']}
2021-11-30 12:40:28 [scrapy.core.scraper] DEBUG: Scraped from <200 https://www.autoscout24.com/lst?sort=standard&desc=0&ustate=N%2CU&atype=C>
{'title': ['Opel Corsa'], 'subtitle': ['B 1.4 TÜV bis 09/2022/Allwetterreifen']}
2021-11-30 12:40:28 [scrapy.core.scraper] DEBUG: Scraped from <200 https://www.autoscout24.com/lst?sort=standard&desc=0&ustate=N%2CU&atype=C>
{'title': ['Peugeot 607'], 'subtitle': ['2.2HDi Aut.']}
2021-11-30 12:40:28 [scrapy.core.engine] INFO: Closing spider (finished)
2021-11-30 12:40:28 [scrapy.extensions.feedexport] INFO: Stored csv feed (20 items) in: data.csv
2021-11-30 12:40:28 [scrapy.statscollectors] INFO: Dumping Scrapy stats:
{'downloader/request_bytes': 264,
 'downloader/request_count': 1,
 'downloader/request_method_count/GET': 1,
 'downloader/response_bytes': 66314,
 'downloader/response_count': 1,
 'downloader/response_status_count/200': 1,
 'elapsed_time_seconds': 1.310012,
 'finish_reason': 'finished',
 'finish_time': datetime.datetime(2021, 11, 30, 11, 40, 28, 208972),
 'item_scraped_count': 20,
 'log_count/DEBUG': 21,
 'log_count/INFO': 11,
 'response_received_count': 1,
 'scheduler/dequeued': 1,
 'scheduler/dequeued/memory': 1,
 'scheduler/enqueued': 1,
 'scheduler/enqueued/memory': 1,
 'start_time': datetime.datetime(2021, 11, 30, 11, 40, 26, 898960)}
2021-11-30 12:40:28 [scrapy.core.engine] INFO: Spider closed (finished)
