2021-12-14 10:36:33 [scrapy.utils.log] INFO: Scrapy 2.4.1 started (bot: tutorial)
2021-12-14 10:36:33 [scrapy.utils.log] INFO: Versions: lxml 4.6.4.0, libxml2 2.9.12, cssselect 1.1.0, parsel 1.6.0, w3lib 1.22.0, Twisted 21.7.0, Python 3.9.7 | packaged by conda-forge | (default, Sep 29 2021, 19:15:42) [MSC v.1916 64 bit (AMD64)], pyOpenSSL 21.0.0 (OpenSSL 1.1.1l  24 Aug 2021), cryptography 36.0.0, Platform Windows-10-10.0.19042-SP0
2021-12-14 10:36:33 [scrapy.utils.log] DEBUG: Using reactor: twisted.internet.selectreactor.SelectReactor
2021-12-14 10:36:33 [scrapy.crawler] INFO: Overridden settings:
{'AUTOTHROTTLE_ENABLED': True,
 'BOT_NAME': 'tutorial',
 'NEWSPIDER_MODULE': 'tutorial.spiders',
 'SPIDER_MODULES': ['tutorial.spiders']}
2021-12-14 10:36:33 [scrapy.extensions.telnet] INFO: Telnet Password: 90620fdf6009b5ee
2021-12-14 10:36:33 [scrapy.middleware] INFO: Enabled extensions:
['scrapy.extensions.corestats.CoreStats',
 'scrapy.extensions.telnet.TelnetConsole',
 'scrapy.extensions.logstats.LogStats',
 'scrapy.extensions.throttle.AutoThrottle']
2021-12-14 10:36:34 [selenium.webdriver.remote.remote_connection] DEBUG: POST http://127.0.0.1:62893/session {"capabilities": {"firstMatch": [{}], "alwaysMatch": {"browserName": "chrome", "platformName": "any", "goog:chromeOptions": {"extensions": [], "args": []}}}, "desiredCapabilities": {"browserName": "chrome", "version": "", "platform": "ANY", "goog:chromeOptions": {"extensions": [], "args": []}}}
2021-12-14 10:36:34 [urllib3.connectionpool] DEBUG: Starting new HTTP connection (1): 127.0.0.1:62893
2021-12-14 10:36:35 [urllib3.connectionpool] DEBUG: http://127.0.0.1:62893 "POST /session HTTP/1.1" 200 788
2021-12-14 10:36:35 [selenium.webdriver.remote.remote_connection] DEBUG: Finished Request
2021-12-14 10:36:35 [selenium.webdriver.remote.remote_connection] DEBUG: POST http://127.0.0.1:62893/session/adae810e9a64ca5ecc12b159826adeae/timeouts {"implicit": 5000}
2021-12-14 10:36:35 [urllib3.connectionpool] DEBUG: http://127.0.0.1:62893 "POST /session/adae810e9a64ca5ecc12b159826adeae/timeouts HTTP/1.1" 200 14
2021-12-14 10:36:35 [selenium.webdriver.remote.remote_connection] DEBUG: Finished Request
2021-12-14 10:36:40 [scrapy.middleware] INFO: Enabled downloader middlewares:
['tutorial.middlewares.CustomProxyMiddleware',
 'scrapy.downloadermiddlewares.httpauth.HttpAuthMiddleware',
 'scrapy.downloadermiddlewares.downloadtimeout.DownloadTimeoutMiddleware',
 'scrapy.downloadermiddlewares.defaultheaders.DefaultHeadersMiddleware',
 'scrapy.downloadermiddlewares.useragent.UserAgentMiddleware',
 'scrapy.downloadermiddlewares.retry.RetryMiddleware',
 'scrapy.downloadermiddlewares.redirect.MetaRefreshMiddleware',
 'scrapy.downloadermiddlewares.httpcompression.HttpCompressionMiddleware',
 'scrapy.downloadermiddlewares.redirect.RedirectMiddleware',
 'scrapy.downloadermiddlewares.cookies.CookiesMiddleware',
 'scrapy.downloadermiddlewares.httpproxy.HttpProxyMiddleware',
 'scrapy.downloadermiddlewares.stats.DownloaderStats']
2021-12-14 10:36:40 [scrapy.middleware] INFO: Enabled spider middlewares:
['scrapy.spidermiddlewares.httperror.HttpErrorMiddleware',
 'scrapy.spidermiddlewares.offsite.OffsiteMiddleware',
 'scrapy.spidermiddlewares.referer.RefererMiddleware',
 'scrapy.spidermiddlewares.urllength.UrlLengthMiddleware',
 'scrapy.spidermiddlewares.depth.DepthMiddleware']
2021-12-14 10:36:40 [scrapy.middleware] INFO: Enabled item pipelines:
[]
2021-12-14 10:36:40 [scrapy.core.engine] INFO: Spider opened
2021-12-14 10:36:40 [scrapy.extensions.logstats] INFO: Crawled 0 pages (at 0 pages/min), scraped 0 items (at 0 items/min)
2021-12-14 10:36:40 [scrapy.extensions.telnet] INFO: Telnet console listening on 127.0.0.1:6023
2021-12-14 10:36:41 [scrapy.core.engine] DEBUG: Crawled (200) <GET https://www.autoscout24.com/lst?sort=standard&desc=0&ustate=N%2CU&atype=C> (referer: None)
2021-12-14 10:36:42 [selenium.webdriver.remote.remote_connection] DEBUG: POST http://127.0.0.1:62893/session/adae810e9a64ca5ecc12b159826adeae/url {"url": "https://www.autoscout24.com/lst?sort=standard&desc=0&ustate=N%2CU&atype=C"}
2021-12-14 10:36:44 [urllib3.connectionpool] DEBUG: http://127.0.0.1:62893 "POST /session/adae810e9a64ca5ecc12b159826adeae/url HTTP/1.1" 200 14
2021-12-14 10:36:44 [selenium.webdriver.remote.remote_connection] DEBUG: Finished Request
2021-12-14 10:36:49 [selenium.webdriver.remote.remote_connection] DEBUG: GET http://127.0.0.1:62893/session/adae810e9a64ca5ecc12b159826adeae/source {}
2021-12-14 10:36:49 [urllib3.connectionpool] DEBUG: http://127.0.0.1:62893 "GET /session/adae810e9a64ca5ecc12b159826adeae/source HTTP/1.1" 200 829488
2021-12-14 10:36:49 [selenium.webdriver.remote.remote_connection] DEBUG: Finished Request
2021-12-14 10:36:50 [scrapy.core.engine] DEBUG: Crawled (400) <GET https://www.autoscout24.com?&sort=standard&desc=0&ustate=N%2CU&size=20&atype=C&page=2> (referer: https://www.autoscout24.com/lst?sort=standard&desc=0&ustate=N%2CU&atype=C)
2021-12-14 10:36:50 [scrapy.spidermiddlewares.httperror] INFO: Ignoring response <400 https://www.autoscout24.com?&sort=standard&desc=0&ustate=N%2CU&size=20&atype=C&page=2>: HTTP status code is not handled or not allowed
2021-12-14 10:36:50 [scrapy.core.engine] INFO: Closing spider (finished)
2021-12-14 10:36:50 [scrapy.statscollectors] INFO: Dumping Scrapy stats:
{'downloader/request_bytes': 691,
 'downloader/request_count': 2,
 'downloader/request_method_count/GET': 2,
 'downloader/response_bytes': 103718,
 'downloader/response_count': 2,
 'downloader/response_status_count/200': 1,
 'downloader/response_status_count/400': 1,
 'elapsed_time_seconds': 9.818353,
 'finish_reason': 'finished',
 'finish_time': datetime.datetime(2021, 12, 14, 9, 36, 50, 258123),
 'httperror/response_ignored_count': 1,
 'httperror/response_ignored_status_count/400': 1,
 'log_count/DEBUG': 15,
 'log_count/INFO': 11,
 'request_depth_max': 1,
 'response_received_count': 2,
 'scheduler/dequeued': 2,
 'scheduler/dequeued/memory': 2,
 'scheduler/enqueued': 2,
 'scheduler/enqueued/memory': 2,
 'start_time': datetime.datetime(2021, 12, 14, 9, 36, 40, 439770)}
2021-12-14 10:36:50 [scrapy.core.engine] INFO: Spider closed (finished)
